SF:lib\src\open_meteo_api_client.dart
DA:16,1
DA:17,1
DA:24,1
DA:25,1
DA:28,1
DA:31,2
DA:33,2
DA:34,1
DA:37,2
DA:39,2
DA:41,1
DA:43,2
DA:45,2
DA:48,1
DA:53,2
DA:54,1
DA:55,1
DA:60,2
DA:62,2
DA:63,1
DA:66,2
DA:68,1
DA:69,1
DA:72,1
DA:74,1
LF:25
LH:25
end_of_record
SF:lib\src\models\location.dart
DA:7,2
DA:14,2
DA:15,2
LF:3
LH:3
end_of_record
SF:lib\src\models\location.g.dart
DA:11,4
DA:14,2
DA:15,2
DA:16,4
DA:17,4
DA:18,6
DA:19,6
LF:7
LH:7
end_of_record
SF:lib\src\models\weather.dart
DA:7,2
DA:9,2
DA:10,2
LF:3
LH:3
end_of_record
SF:lib\src\models\weather.g.dart
DA:11,4
DA:14,2
DA:15,2
DA:17,6
DA:19,6
LF:5
LH:5
end_of_record
